<?xml version="1.0" encoding="UTF-8"?>
<testng-results ignored="0" total="1" passed="0" failed="1" skipped="0">
  <reporter-output>
  </reporter-output>
  <suite started-at="2025-12-19T10:59:06 IST" name="Default suite" finished-at="2025-12-19T11:00:32 IST" duration-ms="86490">
    <groups>
    </groups>
    <test started-at="2025-12-19T10:59:06 IST" name="Default test" finished-at="2025-12-19T11:00:32 IST" duration-ms="86490">
      <class name="Scada.Maven.Testcases.Scada_Flex_TestCase">
        <test-method is-config="true" signature="Initalization()[pri:0, instance:Scada.Maven.Testcases.Scada_Flex_TestCase@1ded7b14]" started-at="2025-12-19T10:59:06 IST" name="Initalization" finished-at="2025-12-19T10:59:06 IST" duration-ms="76" status="PASS">
          <reporter-output>
          </reporter-output>
        </test-method> <!-- Initalization -->
        <test-method signature="Check_Valid_Credentials()[pri:1, instance:Scada.Maven.Testcases.Scada_Flex_TestCase@1ded7b14]" started-at="2025-12-19T10:59:06 IST" name="Check_Valid_Credentials" finished-at="2025-12-19T11:00:32 IST" duration-ms="86345" status="FAIL">
          <exception class="java.lang.NullPointerException">
            <message>
              <![CDATA[Cannot invoke "org.apache.poi.xssf.usermodel.XSSFCell.getStringCellValue()" because the return value of "org.apache.poi.xssf.usermodel.XSSFRow.getCell(int)" is null]]>
            </message>
            <full-stacktrace>
              <![CDATA[java.lang.NullPointerException: Cannot invoke "org.apache.poi.xssf.usermodel.XSSFCell.getStringCellValue()" because the return value of "org.apache.poi.xssf.usermodel.XSSFRow.getCell(int)" is null
at Scada.Maven.Pages.Scada_Flex_Page.Flex_Bathc(Scada_Flex_Page.java:111)
at Scada.Maven.Testcases.Scada_Flex_TestCase.Check_Valid_Credentials(Scada_Flex_TestCase.java:29)
at java.base/jdk.internal.reflect.DirectMethodHandleAccessor.invoke(DirectMethodHandleAccessor.java:103)
at java.base/java.lang.reflect.Method.invoke(Method.java:580)
at org.testng.internal.invokers.MethodInvocationHelper.invokeMethod(MethodInvocationHelper.java:141)
at org.testng.internal.invokers.TestInvoker.invokeMethod(TestInvoker.java:687)
at org.testng.internal.invokers.TestInvoker.invokeTestMethod(TestInvoker.java:230)
at org.testng.internal.invokers.MethodRunner.runInSequence(MethodRunner.java:63)
at org.testng.internal.invokers.TestInvoker$MethodInvocationAgent.invoke(TestInvoker.java:995)
at org.testng.internal.invokers.TestInvoker.invokeTestMethods(TestInvoker.java:203)
at org.testng.internal.invokers.TestMethodWorker.invokeTestMethods(TestMethodWorker.java:154)
at org.testng.internal.invokers.TestMethodWorker.run(TestMethodWorker.java:134)
at java.base/java.util.ArrayList.forEach(ArrayList.java:1596)
at org.testng.TestRunner.privateRun(TestRunner.java:741)
at org.testng.TestRunner.run(TestRunner.java:616)
at org.testng.SuiteRunner.runTest(SuiteRunner.java:421)
at org.testng.SuiteRunner.runSequentially(SuiteRunner.java:413)
at org.testng.SuiteRunner.privateRun(SuiteRunner.java:373)
at org.testng.SuiteRunner.run(SuiteRunner.java:312)
at org.testng.SuiteRunnerWorker.runSuite(SuiteRunnerWorker.java:52)
at org.testng.SuiteRunnerWorker.run(SuiteRunnerWorker.java:95)
at org.testng.TestNG.runSuitesSequentially(TestNG.java:1274)
at org.testng.TestNG.runSuitesLocally(TestNG.java:1208)
at org.testng.TestNG.runSuites(TestNG.java:1112)
at org.testng.TestNG.run(TestNG.java:1079)
at org.testng.remote.AbstractRemoteTestNG.run(AbstractRemoteTestNG.java:115)
at org.testng.remote.RemoteTestNG.initAndRun(RemoteTestNG.java:293)
at org.testng.remote.RemoteTestNG.main(RemoteTestNG.java:91)
]]>
            </full-stacktrace>
          </exception> <!-- java.lang.NullPointerException -->
          <reporter-output>
          </reporter-output>
        </test-method> <!-- Check_Valid_Credentials -->
      </class> <!-- Scada.Maven.Testcases.Scada_Flex_TestCase -->
    </test> <!-- Default test -->
  </suite> <!-- Default suite -->
</testng-results>
